<?xml version="1.0" encoding="UTF-8" standalone="no"?><testsuite errors="1" failures="0" name="Login en la tienda viertual demoblaze" skipped="0" tests="1" time="0.19" timestamp="2024-11-27 12:18:54"><testcase name="Registro Exitoso"><error message="No stage available - it looks like you haven't called the setTheStage() method before calling this one." type="net.serenitybdd.screenplay.actors.NoStageException">No stage available - it looks like you haven't called the setTheStage() method before calling this one.</error><system-err>No stage available - it looks like you haven't called the setTheStage() method before calling this one.&#13;
co.com.demoblaze.stepsDefinitions.login.LoginStepsDefinitions.que_el_usuario_se_ha_registrado_exitosamente(LoginStepsDefinitions.java:27)&#13;
✽.que el usuario se ha registrado exitosamente(file:///C:/Users/robert.aroca.SOFKA/Desktop/Automation/retoEnlaceOperativo/retoEnlaceOperativo/src/test/resources/features/login.feature:8)&#13;
</system-err></testcase></testsuite>