<?xml version="1.0" encoding="UTF-8" standalone="no"?><testsuite errors="1" failures="0" name="Busqueda, agregado de productos y validar la suma total de los mismos" skipped="0" tests="1" time="0.29" timestamp="2024-11-27 04:24:17"><testcase name="Buscar y agregar productos a comprar"><error message="No stage available - it looks like you haven't called the setTheStage() method before calling this one." type="net.serenitybdd.screenplay.actors.NoStageException">No stage available - it looks like you haven't called the setTheStage() method before calling this one.</error><system-err>No stage available - it looks like you haven't called the setTheStage() method before calling this one.&#13;
co.com.demoblaze.stepsDefinitions.agregarProductos.AgregarProductosStepsDefinitions.que_el_usuario_se_encuentra_logueado_en_la_tienda(AgregarProductosStepsDefinitions.java:19)&#13;
✽.que el usuario se encuentra logueado en la tienda(file:///C:/Users/robert.aroca.SOFKA/Desktop/Automation/retoEnlaceOperativo/retoEnlaceOperativo/src/test/resources/features/agregarProductos.feature:8)&#13;
</system-err></testcase></testsuite>