<?xml version="1.0" encoding="UTF-8" standalone="no"?><testsuite errors="0" failures="1" name="Registro en tienda virtual demoblaze" skipped="0" tests="1" time="9.18" timestamp="2024-11-27 04:24:40"><testcase name="Registro exitoso"><failure message="El mensaje de la alerta no coincide: Sign up successful. , pero se obtuvo: This user already exist." type="java.lang.AssertionError">El mensaje de la alerta no coincide: Sign up successful. , pero se obtuvo: This user already exist.</failure><system-err>El mensaje de la alerta no coincide: Sign up successful. , pero se obtuvo: This user already exist.&#13;
co.com.demoblaze.tasks.ManejarAlerta.performAs(ManejarAlerta.java:45)&#13;
co.com.demoblaze.stepsDefinitions.registroExitoso.RegistroStepsDefinitions.el_registro_debe_permitirse_exitosamente(RegistroStepsDefinitions.java:55)&#13;
worker.org.gradle.process.internal.worker.GradleWorkerMain.run(GradleWorkerMain.java:69)&#13;
worker.org.gradle.process.internal.worker.GradleWorkerMain.main(GradleWorkerMain.java:74)&#13;
</system-err></testcase></testsuite>