<?xml version="1.0" encoding="UTF-8" standalone="no"?><testsuite errors="1" failures="0" name="Registro en tienda virtual demoblaze" skipped="0" tests="1" time="0.21" timestamp="2024-11-27 09:14:10"><testcase name="Registro exitoso"><error message="Cannot invoke &quot;co.com.demoblaze.models.InfoClient.getUsername()&quot; because &quot;co.com.demoblaze.stepsDefinitions.registroExitoso.registroStepsDefinitions.infoClient&quot; is null" type="java.lang.NullPointerException">Cannot invoke "co.com.demoblaze.models.InfoClient.getUsername()" because "co.com.demoblaze.stepsDefinitions.registroExitoso.registroStepsDefinitions.infoClient" is null</error><system-err>Cannot invoke "co.com.demoblaze.models.InfoClient.getUsername()" because "co.com.demoblaze.stepsDefinitions.registroExitoso.registroStepsDefinitions.infoClient" is null&#13;
co.com.demoblaze.stepsDefinitions.registroExitoso.registroStepsDefinitions.que_el_usuario_se_dirige_al_menu_de_registro(registroStepsDefinitions.java:36)&#13;
✽.que el usuario se dirige al menu de registro(file:///C:/Users/robert.aroca.SOFKA/Desktop/Automation/retoEnlaceOperativo/retoEnlaceOperativo/src/test/resources/features/registroExitoso.feature:8)&#13;
</system-err></testcase></testsuite>